{"/Users/gilang_1/Work/gemilang-ai-alpha/BACKEND/src/controllers/auth.controller.ts": {"path":"/Users/gilang_1/Work/gemilang-ai-alpha/BACKEND/src/controllers/auth.controller.ts","statementMap":{"0":{"start":{"line":43,"column":0},"end":{"line":43,"column":22}},"1":{"start":{"line":86,"column":0},"end":{"line":86,"column":22}},"2":{"start":{"line":128,"column":0},"end":{"line":128,"column":22}},"3":{"start":{"line":165,"column":0},"end":{"line":165,"column":22}},"4":{"start":{"line":191,"column":0},"end":{"line":191,"column":22}},"5":{"start":{"line":218,"column":0},"end":{"line":218,"column":22}},"6":{"start":{"line":245,"column":0},"end":{"line":245,"column":22}},"7":{"start":{"line":2,"column":0},"end":{"line":2,"column":null}},"8":{"start":{"line":14,"column":0},"end":{"line":14,"column":47}},"9":{"start":{"line":15,"column":0},"end":{"line":15,"column":24}},"10":{"start":{"line":18,"column":21},"end":{"line":22,"column":2}},"11":{"start":{"line":24,"column":20},"end":{"line":27,"column":2}},"12":{"start":{"line":29,"column":28},"end":{"line":32,"column":2}},"13":{"start":{"line":35,"column":13},"end":{"line":41,"column":3}},"14":{"start":{"line":44,"column":2},"end":{"line":83,"column":3}},"15":{"start":{"line":46,"column":26},"end":{"line":46,"column":54}},"16":{"start":{"line":47,"column":38},"end":{"line":47,"column":51}},"17":{"start":{"line":50,"column":20},"end":{"line":50,"column":61}},"18":{"start":{"line":53,"column":24},"end":{"line":53,"column":52}},"19":{"start":{"line":54,"column":25},"end":{"line":54,"column":54}},"20":{"start":{"line":55,"column":4},"end":{"line":55,"column":53}},"21":{"start":{"line":58,"column":4},"end":{"line":69,"column":7}},"22":{"start":{"line":71,"column":4},"end":{"line":77,"column":5}},"23":{"start":{"line":72,"column":6},"end":{"line":75,"column":9}},"24":{"start":{"line":76,"column":6},"end":{"line":76,"column":13}},"25":{"start":{"line":79,"column":4},"end":{"line":79,"column":42}},"26":{"start":{"line":80,"column":4},"end":{"line":82,"column":7}},"27":{"start":{"line":87,"column":2},"end":{"line":125,"column":3}},"28":{"start":{"line":89,"column":26},"end":{"line":89,"column":53}},"29":{"start":{"line":90,"column":32},"end":{"line":90,"column":45}},"30":{"start":{"line":93,"column":17},"end":{"line":93,"column":52}},"31":{"start":{"line":96,"column":24},"end":{"line":96,"column":49}},"32":{"start":{"line":97,"column":25},"end":{"line":97,"column":51}},"33":{"start":{"line":98,"column":4},"end":{"line":98,"column":50}},"34":{"start":{"line":101,"column":4},"end":{"line":111,"column":7}},"35":{"start":{"line":113,"column":4},"end":{"line":119,"column":5}},"36":{"start":{"line":114,"column":6},"end":{"line":117,"column":9}},"37":{"start":{"line":118,"column":6},"end":{"line":118,"column":13}},"38":{"start":{"line":121,"column":4},"end":{"line":121,"column":41}},"39":{"start":{"line":122,"column":4},"end":{"line":124,"column":7}},"40":{"start":{"line":129,"column":2},"end":{"line":162,"column":3}},"41":{"start":{"line":130,"column":29},"end":{"line":130,"column":37}},"42":{"start":{"line":133,"column":4},"end":{"line":136,"column":5}},"43":{"start":{"line":134,"column":6},"end":{"line":134,"column":67}},"44":{"start":{"line":135,"column":6},"end":{"line":135,"column":13}},"45":{"start":{"line":139,"column":17},"end":{"line":139,"column":58}},"46":{"start":{"line":140,"column":4},"end":{"line":143,"column":5}},"47":{"start":{"line":141,"column":6},"end":{"line":141,"column":63}},"48":{"start":{"line":142,"column":6},"end":{"line":142,"column":13}},"49":{"start":{"line":146,"column":27},"end":{"line":146,"column":52}},"50":{"start":{"line":147,"column":28},"end":{"line":147,"column":54}},"51":{"start":{"line":150,"column":4},"end":{"line":150,"column":53}},"52":{"start":{"line":153,"column":4},"end":{"line":156,"column":7}},"53":{"start":{"line":158,"column":4},"end":{"line":158,"column":49}},"54":{"start":{"line":159,"column":4},"end":{"line":161,"column":7}},"55":{"start":{"line":166,"column":2},"end":{"line":188,"column":3}},"56":{"start":{"line":167,"column":29},"end":{"line":167,"column":37}},"57":{"start":{"line":170,"column":4},"end":{"line":173,"column":5}},"58":{"start":{"line":171,"column":6},"end":{"line":171,"column":67}},"59":{"start":{"line":172,"column":6},"end":{"line":172,"column":13}},"60":{"start":{"line":176,"column":17},"end":{"line":176,"column":58}},"61":{"start":{"line":177,"column":4},"end":{"line":179,"column":5}},"62":{"start":{"line":178,"column":6},"end":{"line":178,"column":40}},"63":{"start":{"line":182,"column":4},"end":{"line":182,"column":53}},"64":{"start":{"line":184,"column":4},"end":{"line":184,"column":42}},"65":{"start":{"line":185,"column":4},"end":{"line":187,"column":7}},"66":{"start":{"line":192,"column":2},"end":{"line":215,"column":3}},"67":{"start":{"line":193,"column":22},"end":{"line":193,"column":30}},"68":{"start":{"line":196,"column":4},"end":{"line":199,"column":5}},"69":{"start":{"line":197,"column":6},"end":{"line":197,"column":56}},"70":{"start":{"line":198,"column":6},"end":{"line":198,"column":13}},"71":{"start":{"line":202,"column":23},"end":{"line":202,"column":62}},"72":{"start":{"line":206,"column":4},"end":{"line":209,"column":7}},"73":{"start":{"line":211,"column":4},"end":{"line":211,"column":58}},"74":{"start":{"line":212,"column":4},"end":{"line":214,"column":7}},"75":{"start":{"line":219,"column":2},"end":{"line":242,"column":3}},"76":{"start":{"line":221,"column":26},"end":{"line":221,"column":61}},"77":{"start":{"line":222,"column":35},"end":{"line":222,"column":48}},"78":{"start":{"line":225,"column":4},"end":{"line":225,"column":44}},"79":{"start":{"line":228,"column":4},"end":{"line":228,"column":55}},"80":{"start":{"line":230,"column":4},"end":{"line":236,"column":5}},"81":{"start":{"line":231,"column":6},"end":{"line":234,"column":9}},"82":{"start":{"line":235,"column":6},"end":{"line":235,"column":13}},"83":{"start":{"line":238,"column":4},"end":{"line":238,"column":50}},"84":{"start":{"line":239,"column":4},"end":{"line":241,"column":7}},"85":{"start":{"line":246,"column":2},"end":{"line":261,"column":3}},"86":{"start":{"line":247,"column":22},"end":{"line":247,"column":30}},"87":{"start":{"line":249,"column":4},"end":{"line":252,"column":5}},"88":{"start":{"line":250,"column":6},"end":{"line":250,"column":56}},"89":{"start":{"line":251,"column":6},"end":{"line":251,"column":13}},"90":{"start":{"line":254,"column":20},"end":{"line":254,"column":46}},"91":{"start":{"line":255,"column":4},"end":{"line":255,"column":33}},"92":{"start":{"line":257,"column":4},"end":{"line":257,"column":52}},"93":{"start":{"line":258,"column":4},"end":{"line":260,"column":7}}},"fnMap":{"0":{"name":"signUp","decl":{"start":{"line":43,"column":22},"end":{"line":43,"column":28}},"loc":{"start":{"line":43,"column":56},"end":{"line":84,"column":null}}},"1":{"name":"login","decl":{"start":{"line":86,"column":22},"end":{"line":86,"column":27}},"loc":{"start":{"line":86,"column":55},"end":{"line":126,"column":null}}},"2":{"name":"refreshToken","decl":{"start":{"line":128,"column":22},"end":{"line":128,"column":34}},"loc":{"start":{"line":128,"column":62},"end":{"line":163,"column":null}}},"3":{"name":"logout","decl":{"start":{"line":165,"column":22},"end":{"line":165,"column":28}},"loc":{"start":{"line":165,"column":56},"end":{"line":189,"column":null}}},"4":{"name":"forgotPassword","decl":{"start":{"line":191,"column":22},"end":{"line":191,"column":36}},"loc":{"start":{"line":191,"column":64},"end":{"line":216,"column":null}}},"5":{"name":"resetPasswordHandler","decl":{"start":{"line":218,"column":22},"end":{"line":218,"column":42}},"loc":{"start":{"line":218,"column":70},"end":{"line":243,"column":null}}},"6":{"name":"validateTokenHandler","decl":{"start":{"line":245,"column":22},"end":{"line":245,"column":42}},"loc":{"start":{"line":245,"column":70},"end":{"line":262,"column":null}}}},"branchMap":{"0":{"loc":{"start":{"line":71,"column":4},"end":{"line":77,"column":5}},"type":"if","locations":[{"start":{"line":71,"column":4},"end":{"line":77,"column":5}}]},"1":{"loc":{"start":{"line":81,"column":13},"end":{"line":81,"column":80}},"type":"cond-expr","locations":[{"start":{"line":81,"column":38},"end":{"line":81,"column":51}},{"start":{"line":81,"column":54},"end":{"line":81,"column":80}}]},"2":{"loc":{"start":{"line":113,"column":4},"end":{"line":119,"column":5}},"type":"if","locations":[{"start":{"line":113,"column":4},"end":{"line":119,"column":5}}]},"3":{"loc":{"start":{"line":123,"column":13},"end":{"line":123,"column":75}},"type":"cond-expr","locations":[{"start":{"line":123,"column":38},"end":{"line":123,"column":51}},{"start":{"line":123,"column":54},"end":{"line":123,"column":75}}]},"4":{"loc":{"start":{"line":133,"column":4},"end":{"line":136,"column":5}},"type":"if","locations":[{"start":{"line":133,"column":4},"end":{"line":136,"column":5}}]},"5":{"loc":{"start":{"line":140,"column":4},"end":{"line":143,"column":5}},"type":"if","locations":[{"start":{"line":140,"column":4},"end":{"line":143,"column":5}}]},"6":{"loc":{"start":{"line":170,"column":4},"end":{"line":173,"column":5}},"type":"if","locations":[{"start":{"line":170,"column":4},"end":{"line":173,"column":5}}]},"7":{"loc":{"start":{"line":177,"column":4},"end":{"line":179,"column":5}},"type":"if","locations":[{"start":{"line":177,"column":4},"end":{"line":179,"column":5}}]},"8":{"loc":{"start":{"line":196,"column":4},"end":{"line":199,"column":5}},"type":"if","locations":[{"start":{"line":196,"column":4},"end":{"line":199,"column":5}}]},"9":{"loc":{"start":{"line":213,"column":13},"end":{"line":213,"column":81}},"type":"cond-expr","locations":[{"start":{"line":213,"column":38},"end":{"line":213,"column":51}},{"start":{"line":213,"column":54},"end":{"line":213,"column":81}}]},"10":{"loc":{"start":{"line":230,"column":4},"end":{"line":236,"column":5}},"type":"if","locations":[{"start":{"line":230,"column":4},"end":{"line":236,"column":5}}]},"11":{"loc":{"start":{"line":240,"column":13},"end":{"line":240,"column":80}},"type":"cond-expr","locations":[{"start":{"line":240,"column":38},"end":{"line":240,"column":51}},{"start":{"line":240,"column":54},"end":{"line":240,"column":80}}]},"12":{"loc":{"start":{"line":249,"column":4},"end":{"line":252,"column":5}},"type":"if","locations":[{"start":{"line":249,"column":4},"end":{"line":252,"column":5}}]}},"s":{"0":1,"1":1,"2":1,"3":1,"4":1,"5":1,"6":1,"7":1,"8":1,"9":1,"10":1,"11":1,"12":1,"13":1,"14":2,"15":2,"16":1,"17":1,"18":1,"19":1,"20":1,"21":1,"22":1,"23":1,"24":1,"25":0,"26":0,"27":2,"28":2,"29":2,"30":2,"31":1,"32":1,"33":1,"34":1,"35":1,"36":0,"37":0,"38":1,"39":1,"40":1,"41":1,"42":1,"43":0,"44":0,"45":1,"46":1,"47":0,"48":0,"49":1,"50":1,"51":1,"52":1,"53":0,"54":0,"55":0,"56":0,"57":0,"58":0,"59":0,"60":0,"61":0,"62":0,"63":0,"64":0,"65":0,"66":0,"67":0,"68":0,"69":0,"70":0,"71":0,"72":0,"73":0,"74":0,"75":0,"76":0,"77":0,"78":0,"79":0,"80":0,"81":0,"82":0,"83":0,"84":0,"85":0,"86":0,"87":0,"88":0,"89":0,"90":0,"91":0,"92":0,"93":0},"f":{"0":2,"1":2,"2":1,"3":0,"4":0,"5":0,"6":0},"b":{"0":[1],"1":[0,0],"2":[0],"3":[1,0],"4":[0],"5":[0],"6":[0],"7":[0],"8":[0],"9":[0,0],"10":[0],"11":[0,0],"12":[0]}}
,"/Users/gilang_1/Work/gemilang-ai-alpha/BACKEND/src/routers/auth.router.ts": {"path":"/Users/gilang_1/Work/gemilang-ai-alpha/BACKEND/src/routers/auth.router.ts","statementMap":{"0":{"start":{"line":2,"column":0},"end":{"line":2,"column":49}},"1":{"start":{"line":3,"column":0},"end":{"line":3,"column":null}},"2":{"start":{"line":12,"column":0},"end":{"line":12,"column":74}},"3":{"start":{"line":14,"column":15},"end":{"line":14,"column":23}},"4":{"start":{"line":17,"column":0},"end":{"line":17,"column":24}},"5":{"start":{"line":20,"column":0},"end":{"line":20,"column":32}},"6":{"start":{"line":21,"column":0},"end":{"line":21,"column":29}},"7":{"start":{"line":22,"column":0},"end":{"line":22,"column":44}},"8":{"start":{"line":23,"column":0},"end":{"line":23,"column":48}},"9":{"start":{"line":24,"column":0},"end":{"line":24,"column":53}},"10":{"start":{"line":27,"column":0},"end":{"line":27,"column":62}},"11":{"start":{"line":29,"column":0},"end":{"line":29,"column":22}}},"fnMap":{},"branchMap":{},"s":{"0":1,"1":1,"2":1,"3":1,"4":1,"5":1,"6":1,"7":1,"8":1,"9":1,"10":1,"11":1},"f":{},"b":{}}
,"/Users/gilang_1/Work/gemilang-ai-alpha/BACKEND/src/services/auth.service.ts": {"path":"/Users/gilang_1/Work/gemilang-ai-alpha/BACKEND/src/services/auth.service.ts","statementMap":{"0":{"start":{"line":21,"column":0},"end":{"line":21,"column":16}},"1":{"start":{"line":30,"column":0},"end":{"line":30,"column":16}},"2":{"start":{"line":39,"column":0},"end":{"line":39,"column":22}},"3":{"start":{"line":70,"column":0},"end":{"line":70,"column":22}},"4":{"start":{"line":113,"column":0},"end":{"line":113,"column":22}},"5":{"start":{"line":123,"column":0},"end":{"line":123,"column":22}},"6":{"start":{"line":135,"column":0},"end":{"line":135,"column":22}},"7":{"start":{"line":145,"column":0},"end":{"line":145,"column":22}},"8":{"start":{"line":164,"column":0},"end":{"line":164,"column":22}},"9":{"start":{"line":198,"column":0},"end":{"line":198,"column":22}},"10":{"start":{"line":1,"column":0},"end":{"line":1,"column":52}},"11":{"start":{"line":2,"column":0},"end":{"line":2,"column":28}},"12":{"start":{"line":3,"column":0},"end":{"line":3,"column":31}},"13":{"start":{"line":4,"column":0},"end":{"line":4,"column":28}},"14":{"start":{"line":6,"column":15},"end":{"line":6,"column":33}},"15":{"start":{"line":7,"column":20},"end":{"line":7,"column":22}},"16":{"start":{"line":8,"column":28},"end":{"line":8,"column":92}},"17":{"start":{"line":9,"column":29},"end":{"line":9,"column":100}},"18":{"start":{"line":11,"column":27},"end":{"line":11,"column":28}},"19":{"start":{"line":12,"column":25},"end":{"line":12,"column":39}},"20":{"start":{"line":13,"column":30},"end":{"line":13,"column":44}},"21":{"start":{"line":22,"column":32},"end":{"line":26,"column":4}},"22":{"start":{"line":27,"column":2},"end":{"line":27,"column":70}},"23":{"start":{"line":31,"column":32},"end":{"line":35,"column":4}},"24":{"start":{"line":36,"column":2},"end":{"line":36,"column":70}},"25":{"start":{"line":41,"column":21},"end":{"line":41,"column":49}},"26":{"start":{"line":42,"column":2},"end":{"line":44,"column":3}},"27":{"start":{"line":43,"column":4},"end":{"line":43,"column":44}},"28":{"start":{"line":47,"column":2},"end":{"line":49,"column":3}},"29":{"start":{"line":48,"column":4},"end":{"line":48,"column":67}},"30":{"start":{"line":52,"column":19},"end":{"line":52,"column":69}},"31":{"start":{"line":53,"column":2},"end":{"line":53,"column":55}},"32":{"start":{"line":53,"column":16},"end":{"line":53,"column":55}},"33":{"start":{"line":56,"column":17},"end":{"line":56,"column":57}},"34":{"start":{"line":57,"column":18},"end":{"line":65,"column":4}},"35":{"start":{"line":67,"column":2},"end":{"line":67,"column":17}},"36":{"start":{"line":71,"column":15},"end":{"line":71,"column":65}},"37":{"start":{"line":72,"column":2},"end":{"line":72,"column":58}},"38":{"start":{"line":72,"column":13},"end":{"line":72,"column":58}},"39":{"start":{"line":75,"column":2},"end":{"line":78,"column":3}},"40":{"start":{"line":76,"column":26},"end":{"line":76,"column":90}},"41":{"start":{"line":77,"column":4},"end":{"line":77,"column":80}},"42":{"start":{"line":81,"column":16},"end":{"line":81,"column":61}},"43":{"start":{"line":82,"column":2},"end":{"line":97,"column":3}},"44":{"start":{"line":84,"column":27},"end":{"line":84,"column":55}},"45":{"start":{"line":85,"column":25},"end":{"line":85,"column":64}},"46":{"start":{"line":87,"column":4},"end":{"line":89,"column":5}},"47":{"start":{"line":88,"column":6},"end":{"line":88,"column":68}},"48":{"start":{"line":91,"column":4},"end":{"line":94,"column":7}},"49":{"start":{"line":96,"column":4},"end":{"line":96,"column":49}},"50":{"start":{"line":100,"column":2},"end":{"line":108,"column":5}},"51":{"start":{"line":110,"column":2},"end":{"line":110,"column":14}},"52":{"start":{"line":114,"column":2},"end":{"line":120,"column":5}},"53":{"start":{"line":124,"column":2},"end":{"line":132,"column":5}},"54":{"start":{"line":136,"column":2},"end":{"line":142,"column":5}},"55":{"start":{"line":146,"column":15},"end":{"line":146,"column":65}},"56":{"start":{"line":147,"column":2},"end":{"line":147,"column":47}},"57":{"start":{"line":147,"column":13},"end":{"line":147,"column":47}},"58":{"start":{"line":149,"column":21},"end":{"line":149,"column":59}},"59":{"start":{"line":150,"column":22},"end":{"line":150,"column":82}},"60":{"start":{"line":152,"column":2},"end":{"line":159,"column":5}},"61":{"start":{"line":161,"column":2},"end":{"line":161,"column":20}},"62":{"start":{"line":166,"column":2},"end":{"line":168,"column":3}},"63":{"start":{"line":167,"column":4},"end":{"line":167,"column":67}},"64":{"start":{"line":170,"column":22},"end":{"line":170,"column":77}},"65":{"start":{"line":172,"column":15},"end":{"line":179,"column":4}},"66":{"start":{"line":181,"column":2},"end":{"line":181,"column":63}},"67":{"start":{"line":181,"column":13},"end":{"line":181,"column":63}},"68":{"start":{"line":183,"column":17},"end":{"line":183,"column":60}},"69":{"start":{"line":185,"column":2},"end":{"line":193,"column":5}},"70":{"start":{"line":195,"column":2},"end":{"line":195,"column":14}},"71":{"start":{"line":199,"column":2},"end":{"line":204,"column":3}},"72":{"start":{"line":200,"column":4},"end":{"line":200,"column":43}},"73":{"start":{"line":201,"column":4},"end":{"line":201,"column":16}},"74":{"start":{"line":203,"column":4},"end":{"line":203,"column":17}}},"fnMap":{"0":{"name":"generateAccessToken","decl":{"start":{"line":21,"column":16},"end":{"line":21,"column":35}},"loc":{"start":{"line":21,"column":46},"end":{"line":28,"column":1}}},"1":{"name":"generateRefreshToken","decl":{"start":{"line":30,"column":16},"end":{"line":30,"column":36}},"loc":{"start":{"line":30,"column":47},"end":{"line":37,"column":1}}},"2":{"name":"registerUser","decl":{"start":{"line":39,"column":22},"end":{"line":39,"column":34}},"loc":{"start":{"line":39,"column":81},"end":{"line":68,"column":null}}},"3":{"name":"validateUser","decl":{"start":{"line":70,"column":22},"end":{"line":70,"column":34}},"loc":{"start":{"line":70,"column":66},"end":{"line":111,"column":null}}},"4":{"name":"saveRefreshToken","decl":{"start":{"line":113,"column":22},"end":{"line":113,"column":38}},"loc":{"start":{"line":113,"column":75},"end":{"line":121,"column":null}}},"5":{"name":"getUserByRefreshToken","decl":{"start":{"line":123,"column":22},"end":{"line":123,"column":43}},"loc":{"start":{"line":123,"column":64},"end":{"line":133,"column":null}}},"6":{"name":"removeRefreshToken","decl":{"start":{"line":135,"column":22},"end":{"line":135,"column":40}},"loc":{"start":{"line":135,"column":55},"end":{"line":143,"column":null}}},"7":{"name":"generatePasswordResetToken","decl":{"start":{"line":145,"column":22},"end":{"line":145,"column":48}},"loc":{"start":{"line":145,"column":62},"end":{"line":162,"column":null}}},"8":{"name":"resetPassword","decl":{"start":{"line":164,"column":22},"end":{"line":164,"column":35}},"loc":{"start":{"line":164,"column":70},"end":{"line":196,"column":null}}},"9":{"name":"validateToken","decl":{"start":{"line":198,"column":22},"end":{"line":198,"column":35}},"loc":{"start":{"line":198,"column":49},"end":{"line":205,"column":null}}}},"branchMap":{"0":{"loc":{"start":{"line":8,"column":28},"end":{"line":8,"column":92}},"type":"binary-expr","locations":[{"start":{"line":8,"column":28},"end":{"line":8,"column":50}},{"start":{"line":8,"column":54},"end":{"line":8,"column":92}}]},"1":{"loc":{"start":{"line":9,"column":29},"end":{"line":9,"column":100}},"type":"binary-expr","locations":[{"start":{"line":9,"column":29},"end":{"line":9,"column":58}},{"start":{"line":9,"column":62},"end":{"line":9,"column":100}}]},"2":{"loc":{"start":{"line":42,"column":2},"end":{"line":44,"column":3}},"type":"if","locations":[{"start":{"line":42,"column":2},"end":{"line":44,"column":3}}]},"3":{"loc":{"start":{"line":47,"column":2},"end":{"line":49,"column":3}},"type":"if","locations":[{"start":{"line":47,"column":2},"end":{"line":49,"column":3}}]},"4":{"loc":{"start":{"line":53,"column":2},"end":{"line":53,"column":55}},"type":"if","locations":[{"start":{"line":53,"column":2},"end":{"line":53,"column":55}}]},"5":{"loc":{"start":{"line":72,"column":2},"end":{"line":72,"column":58}},"type":"if","locations":[{"start":{"line":72,"column":2},"end":{"line":72,"column":58}}]},"6":{"loc":{"start":{"line":75,"column":2},"end":{"line":78,"column":3}},"type":"if","locations":[{"start":{"line":75,"column":2},"end":{"line":78,"column":3}}]},"7":{"loc":{"start":{"line":75,"column":6},"end":{"line":75,"column":55}},"type":"binary-expr","locations":[{"start":{"line":75,"column":6},"end":{"line":75,"column":22}},{"start":{"line":75,"column":26},"end":{"line":75,"column":55}}]},"8":{"loc":{"start":{"line":82,"column":2},"end":{"line":97,"column":3}},"type":"if","locations":[{"start":{"line":82,"column":2},"end":{"line":97,"column":3}}]},"9":{"loc":{"start":{"line":87,"column":4},"end":{"line":89,"column":5}},"type":"if","locations":[{"start":{"line":87,"column":4},"end":{"line":89,"column":5}}]},"10":{"loc":{"start":{"line":147,"column":2},"end":{"line":147,"column":47}},"type":"if","locations":[{"start":{"line":147,"column":2},"end":{"line":147,"column":47}}]},"11":{"loc":{"start":{"line":166,"column":2},"end":{"line":168,"column":3}},"type":"if","locations":[{"start":{"line":166,"column":2},"end":{"line":168,"column":3}}]},"12":{"loc":{"start":{"line":181,"column":2},"end":{"line":181,"column":63}},"type":"if","locations":[{"start":{"line":181,"column":2},"end":{"line":181,"column":63}}]}},"s":{"0":1,"1":1,"2":1,"3":1,"4":1,"5":1,"6":1,"7":1,"8":1,"9":1,"10":1,"11":1,"12":1,"13":1,"14":1,"15":1,"16":1,"17":1,"18":1,"19":1,"20":1,"21":0,"22":0,"23":0,"24":0,"25":0,"26":0,"27":0,"28":0,"29":0,"30":0,"31":0,"32":0,"33":0,"34":0,"35":0,"36":0,"37":0,"38":0,"39":0,"40":0,"41":0,"42":0,"43":0,"44":0,"45":0,"46":0,"47":0,"48":0,"49":0,"50":0,"51":0,"52":0,"53":0,"54":0,"55":0,"56":0,"57":0,"58":0,"59":0,"60":0,"61":0,"62":0,"63":0,"64":0,"65":0,"66":0,"67":0,"68":0,"69":0,"70":0,"71":0,"72":0,"73":0,"74":0},"f":{"0":0,"1":0,"2":0,"3":0,"4":0,"5":0,"6":0,"7":0,"8":0,"9":0},"b":{"0":[1,0],"1":[1,0],"2":[0],"3":[0],"4":[0],"5":[0],"6":[0],"7":[0,0],"8":[0],"9":[0],"10":[0],"11":[0],"12":[0]}}
}
