TN:
SF:src/controllers/auth.controller.ts
FN:43,signUp
FN:86,login
FN:128,refreshToken
FN:165,logout
FN:191,forgotPassword
FN:218,resetPasswordHandler
FN:245,validateTokenHandler
FNF:7
FNH:3
FNDA:2,signUp
FNDA:2,login
FNDA:1,refreshToken
FNDA:0,logout
FNDA:0,forgotPassword
FNDA:0,resetPasswordHandler
FNDA:0,validateTokenHandler
DA:2,1
DA:14,1
DA:15,1
DA:18,1
DA:24,1
DA:29,1
DA:35,1
DA:43,1
DA:44,2
DA:46,2
DA:47,1
DA:50,1
DA:53,1
DA:54,1
DA:55,1
DA:58,1
DA:71,1
DA:72,1
DA:76,1
DA:79,0
DA:80,0
DA:86,1
DA:87,2
DA:89,2
DA:90,2
DA:93,2
DA:96,1
DA:97,1
DA:98,1
DA:101,1
DA:113,1
DA:114,0
DA:118,0
DA:121,1
DA:122,1
DA:128,1
DA:129,1
DA:130,1
DA:133,1
DA:134,0
DA:135,0
DA:139,1
DA:140,1
DA:141,0
DA:142,0
DA:146,1
DA:147,1
DA:150,1
DA:153,1
DA:158,0
DA:159,0
DA:165,1
DA:166,0
DA:167,0
DA:170,0
DA:171,0
DA:172,0
DA:176,0
DA:177,0
DA:178,0
DA:182,0
DA:184,0
DA:185,0
DA:191,1
DA:192,0
DA:193,0
DA:196,0
DA:197,0
DA:198,0
DA:202,0
DA:206,0
DA:211,0
DA:212,0
DA:218,1
DA:219,0
DA:221,0
DA:222,0
DA:225,0
DA:228,0
DA:230,0
DA:231,0
DA:235,0
DA:238,0
DA:239,0
DA:245,1
DA:246,0
DA:247,0
DA:249,0
DA:250,0
DA:251,0
DA:254,0
DA:255,0
DA:257,0
DA:258,0
LF:94
LH:45
BRDA:71,0,0,1
BRDA:81,1,0,0
BRDA:81,1,1,0
BRDA:113,2,0,0
BRDA:123,3,0,1
BRDA:123,3,1,0
BRDA:133,4,0,0
BRDA:140,5,0,0
BRDA:170,6,0,0
BRDA:177,7,0,0
BRDA:196,8,0,0
BRDA:213,9,0,0
BRDA:213,9,1,0
BRDA:230,10,0,0
BRDA:240,11,0,0
BRDA:240,11,1,0
BRDA:249,12,0,0
BRF:17
BRH:2
end_of_record
TN:
SF:src/routers/auth.router.ts
FNF:0
FNH:0
DA:2,1
DA:3,1
DA:12,1
DA:14,1
DA:17,1
DA:20,1
DA:21,1
DA:22,1
DA:23,1
DA:24,1
DA:27,1
DA:29,1
LF:12
LH:12
BRF:0
BRH:0
end_of_record
TN:
SF:src/services/auth.service.ts
FN:21,generateAccessToken
FN:30,generateRefreshToken
FN:39,registerUser
FN:70,validateUser
FN:113,saveRefreshToken
FN:123,getUserByRefreshToken
FN:135,removeRefreshToken
FN:145,generatePasswordResetToken
FN:164,resetPassword
FN:198,validateToken
FNF:10
FNH:0
FNDA:0,generateAccessToken
FNDA:0,generateRefreshToken
FNDA:0,registerUser
FNDA:0,validateUser
FNDA:0,saveRefreshToken
FNDA:0,getUserByRefreshToken
FNDA:0,removeRefreshToken
FNDA:0,generatePasswordResetToken
FNDA:0,resetPassword
FNDA:0,validateToken
DA:1,1
DA:2,1
DA:3,1
DA:4,1
DA:6,1
DA:7,1
DA:8,1
DA:9,1
DA:11,1
DA:12,1
DA:13,1
DA:21,1
DA:22,0
DA:27,0
DA:30,1
DA:31,0
DA:36,0
DA:39,1
DA:41,0
DA:42,0
DA:43,0
DA:47,0
DA:48,0
DA:52,0
DA:53,0
DA:56,0
DA:57,0
DA:67,0
DA:70,1
DA:71,0
DA:72,0
DA:75,0
DA:76,0
DA:77,0
DA:81,0
DA:82,0
DA:84,0
DA:85,0
DA:87,0
DA:88,0
DA:91,0
DA:96,0
DA:100,0
DA:110,0
DA:113,1
DA:114,0
DA:123,1
DA:124,0
DA:135,1
DA:136,0
DA:145,1
DA:146,0
DA:147,0
DA:149,0
DA:150,0
DA:152,0
DA:161,0
DA:164,1
DA:166,0
DA:167,0
DA:170,0
DA:172,0
DA:181,0
DA:183,0
DA:185,0
DA:195,0
DA:198,1
DA:199,0
DA:200,0
DA:201,0
DA:203,0
LF:71
LH:21
BRDA:8,0,0,1
BRDA:8,0,1,0
BRDA:9,1,0,1
BRDA:9,1,1,0
BRDA:42,2,0,0
BRDA:47,3,0,0
BRDA:53,4,0,0
BRDA:72,5,0,0
BRDA:75,6,0,0
BRDA:75,7,0,0
BRDA:75,7,1,0
BRDA:82,8,0,0
BRDA:87,9,0,0
BRDA:147,10,0,0
BRDA:166,11,0,0
BRDA:181,12,0,0
BRF:16
BRH:2
end_of_record
